<?xml version="1.0" encoding="UTF-8"?>
<!-- Generated by org.testng.reporters.JUnitXMLReporter -->
<testsuite hostname="DAVUTs-MBP.fios-router.home" ignored="0" name="Default test" tests="5" failures="0" timestamp="2020-01-18T00:06:46 EST" time="83.695" errors="0">
  <testcase name="test" time="14.303" classname="com.class4.HW"/>
  <testcase name="test" time="13.882" classname="com.class4.HW"/>
  <testcase name="test" time="14.029" classname="com.class4.HW"/>
  <testcase name="test" time="14.805" classname="com.class4.HW"/>
  <testcase name="test" time="14.018" classname="com.class4.HW"/>
</testsuite> <!-- Default test -->
